<?xml version="1.0" encoding="UTF-8"?>
<testsuites name="jest tests" tests="1" failures="0" errors="0" time="2.853">
  <testsuite name="reana_jupyterlab" errors="0" failures="0" skipped="0" timestamp="2025-08-06T15:19:52" time="2.301" tests="1">
    <testcase classname="reana_jupyterlab should be tested" name="reana_jupyterlab should be tested" time="0.002">
    </testcase>
  </testsuite>
</testsuites>