<?xml version="1.0" encoding="utf-8"?><testsuites name="pytest tests"><testsuite name="pytest" errors="0" failures="0" skipped="0" tests="10" time="69.612" timestamp="2025-08-04T15:36:15.937301+01:00" hostname="lhinds-mbp"><testcase classname="tests.integration.test_mcp_integration.TestMCPTransportConnectivity" name="test_mcp_server_startup[sse]" time="2.248" /><testcase classname="tests.integration.test_mcp_integration.TestMCPTransportConnectivity" name="test_mcp_server_startup[streamable_http]" time="2.192" /><testcase classname="tests.integration.test_mcp_integration.TestMCPTransportConnectivity" name="test_mcp_server_startup[stdio]" time="2.030" /><testcase classname="tests.integration.test_mcp_integration.TestMCPTransportConnectivity" name="test_agentup_server_startup[sse]" time="7.610" /><testcase classname="tests.integration.test_mcp_integration.TestMCPTransportConnectivity" name="test_agentup_server_startup[streamable_http]" time="7.578" /><testcase classname="tests.integration.test_mcp_integration.TestMCPTransportConnectivity" name="test_agentup_server_startup[stdio]" time="7.585" /><testcase classname="tests.integration.test_mcp_integration.TestMCPTransportConnectivity" name="test_server_health_check[sse]" time="9.788" /><testcase classname="tests.integration.test_mcp_integration.TestMCPTransportConnectivity" name="test_server_health_check[streamable_http]" time="9.778" /><testcase classname="tests.integration.test_mcp_integration.TestMCPTransportConnectivity" name="test_server_health_check[stdio]" time="9.605" /><testcase classname="tests.integration.test_mcp_integration.TestMCPAuthentication" name="test_server_accepts_valid_api_key[sse]" time="9.791" /></testsuite></testsuites>